5.9864 	WARNING 	Couldn't measure a consistent frame rate!
  - Is your graphics card set to sync to vertical blank?
  - Are you running other processes on your computer?

5.9868 	EXP 	Created window1 = Window(allowGUI=True, allowStencil=False, autoLog=True, backendConf=UNKNOWN, backgroundFit=<method-wrapper '__getattribute__' of attributeSetter object at 0x7fc938b6abb0>, backgroundImage=<method-wrapper '__getattribute__' of attributeSetter object at 0x7fc938b6ab50>, bitsMode=UNKNOWN, blendMode='avg', bpc=(8, 8, 8), color=array([0, 0, 0]), colorSpace='rgb', depthBits=8, fullscr=<method-wrapper '__getattribute__' of attributeSetter object at 0x7fc938b6a9a0>, gamma=None, gammaErrorPolicy='raise', lms=UNKNOWN, monitor=<psychopy.monitors.calibTools.Monitor object at 0x7fc9199a0700>, multiSample=False, name='window1', numSamples=2, pos=(506, 320), screen=0, size=array([2000, 1364]), stencilBits=0, stereo=False, title='PsychoPy', units='height', useFBO=True, useRetina=True, viewOri=0.0, viewPos=None, viewScale=None, waitBlanking=True, winType='pyglet')
5.9869 	EXP 	window1: mouseVisible = True
5.9869 	EXP 	window1: backgroundImage = ''
5.9869 	EXP 	window1: backgroundFit = 'none'
5.9888 	EXP 	window1: Attempting to measure frame rate of screen (0) ...
5.9888 	EXP 	window1: recordFrameIntervals = False
6.0696 	EXP 	window1: recordFrameIntervals = True
6.9161 	WARNING 	Couldn't measure a consistent frame rate!
  - Is your graphics card set to sync to vertical blank?
  - Are you running other processes on your computer?

6.9163 	EXP 	window1: mouseVisible = True
7.7848 	EXP 	main: status = STARTED
7.9730 	EXP 	window1: mouseVisible = True
8.0049 	EXP 	Created text = TextStim(__class__=<class 'psychopy.visual.text.TextStim'>, alignHoriz=method-wrapper(...), alignText='center', alignVert=method-wrapper(...), anchorHoriz='center', anchorVert='center', antialias=True, autoDraw=False, autoLog=True, bold=False, color=array([1., 1., 1.]), colorSpace='rgb', contrast=1.0, depth=-1.0, draggable=False, flipHoriz=False, flipVert=False, font='Open Sans', fontFiles=[], height=0.05, italic=False, languageStyle='LTR', name='text', opacity=1.0, ori=0.0, pos=array([0., 0.]), rgb=UNKNOWN, text=str(...), units='height', win=Window(...), wrapWidth=1)
8.0051 	EXP 	window1: mouseVisible = True
8.0058 	EXP 	Created text_2 = TextStim(__class__=<class 'psychopy.visual.text.TextStim'>, alignHoriz=method-wrapper(...), alignText='center', alignVert=method-wrapper(...), anchorHoriz='center', anchorVert='center', antialias=True, autoDraw=False, autoLog=True, bold=False, color=array([1., 1., 1.]), colorSpace='rgb', contrast=1.0, depth=0.0, draggable=False, flipHoriz=False, flipVert=False, font='Open Sans', fontFiles=[], height=0.05, italic=False, languageStyle='LTR', name='text_2', opacity=1.0, ori=0.0, pos=array([0., 0.]), rgb=UNKNOWN, text='', units='height', win=Window(...), wrapWidth=1)
8.0059 	EXP 	window1: mouseVisible = True
8.0168 	EXP 	Created text_4 = TextStim(__class__=<class 'psychopy.visual.text.TextStim'>, alignHoriz=method-wrapper(...), alignText='center', alignVert=method-wrapper(...), anchorHoriz='center', anchorVert='center', antialias=True, autoDraw=False, autoLog=True, bold=False, color=array([1., 1., 1.]), colorSpace='rgb', contrast=1.0, depth=0.0, draggable=False, flipHoriz=False, flipVert=False, font='Open Sans', fontFiles=[], height=0.05, italic=False, languageStyle='LTR', name='text_4', opacity=1.0, ori=0.0, pos=array([0., 0.]), rgb=UNKNOWN, text=str(...), units='height', win=Window(...), wrapWidth=1)
8.2061 	EXP 	window1: mouseVisible = True
8.2071 	EXP 	Created text_5 = TextStim(__class__=<class 'psychopy.visual.text.TextStim'>, alignHoriz=method-wrapper(...), alignText='center', alignVert=method-wrapper(...), anchorHoriz='center', anchorVert='center', antialias=True, autoDraw=False, autoLog=True, bold=False, color=array([1., 1., 1.]), colorSpace='rgb', contrast=1.0, depth=0.0, draggable=False, flipHoriz=False, flipVert=False, font='Open Sans', fontFiles=[], height=0.05, italic=False, languageStyle='LTR', name='text_5', opacity=1.0, ori=0.0, pos=array([0., 0.]), rgb=UNKNOWN, text='', units='height', win=Window(...), wrapWidth=1)
8.5821 	EXP 	window1: mouseVisible = True
8.5866 	EXP 	Created text = TextStim(__class__=<class 'psychopy.visual.text.TextStim'>, alignHoriz=method-wrapper(...), alignText='center', alignVert=method-wrapper(...), anchorHoriz='center', anchorVert='center', antialias=True, autoDraw=False, autoLog=True, bold=False, color=array([1., 1., 1.]), colorSpace='rgb', contrast=1.0, depth=-1.0, draggable=False, flipHoriz=False, flipVert=False, font='Open Sans', fontFiles=[], height=0.05, italic=False, languageStyle='LTR', name='text', opacity=1.0, ori=0.0, pos=array([0., 0.]), rgb=UNKNOWN, text=str(...), units='height', win=Window(...), wrapWidth=1)
8.5867 	EXP 	window1: mouseVisible = True
8.5875 	EXP 	Created text_7 = TextStim(__class__=<class 'psychopy.visual.text.TextStim'>, alignHoriz=method-wrapper(...), alignText='center', alignVert=method-wrapper(...), anchorHoriz='center', anchorVert='center', antialias=True, autoDraw=False, autoLog=True, bold=False, color=array([1., 1., 1.]), colorSpace='rgb', contrast=1.0, depth=0.0, draggable=False, flipHoriz=False, flipVert=False, font='Open Sans', fontFiles=[], height=0.05, italic=False, languageStyle='LTR', name='text_7', opacity=1.0, ori=0.0, pos=array([0., 0.]), rgb=UNKNOWN, text='', units='height', win=Window(...), wrapWidth=1)
8.5875 	EXP 	window1: mouseVisible = True
8.5938 	EXP 	Created text_4 = TextStim(__class__=<class 'psychopy.visual.text.TextStim'>, alignHoriz=method-wrapper(...), alignText='center', alignVert=method-wrapper(...), anchorHoriz='center', anchorVert='center', antialias=True, autoDraw=False, autoLog=True, bold=False, color=array([1., 1., 1.]), colorSpace='rgb', contrast=1.0, depth=0.0, draggable=False, flipHoriz=False, flipVert=False, font='Open Sans', fontFiles=[], height=0.05, italic=False, languageStyle='LTR', name='text_4', opacity=1.0, ori=0.0, pos=array([0., 0.]), rgb=UNKNOWN, text=str(...), units='height', win=Window(...), wrapWidth=1)
8.7842 	EXP 	window1: mouseVisible = True
8.7851 	EXP 	Created text_8 = TextStim(__class__=<class 'psychopy.visual.text.TextStim'>, alignHoriz=method-wrapper(...), alignText='center', alignVert=method-wrapper(...), anchorHoriz='center', anchorVert='center', antialias=True, autoDraw=False, autoLog=True, bold=False, color=array([1., 1., 1.]), colorSpace='rgb', contrast=1.0, depth=0.0, draggable=False, flipHoriz=False, flipVert=False, font='Open Sans', fontFiles=[], height=0.05, italic=False, languageStyle='LTR', name='text_8', opacity=1.0, ori=0.0, pos=array([0., 0.]), rgb=UNKNOWN, text='', units='height', win=Window(...), wrapWidth=1)
9.1639 	EXP 	window1: mouseVisible = True
9.1684 	EXP 	Created text = TextStim(__class__=<class 'psychopy.visual.text.TextStim'>, alignHoriz=method-wrapper(...), alignText='center', alignVert=method-wrapper(...), anchorHoriz='center', anchorVert='center', antialias=True, autoDraw=False, autoLog=True, bold=False, color=array([1., 1., 1.]), colorSpace='rgb', contrast=1.0, depth=-1.0, draggable=False, flipHoriz=False, flipVert=False, font='Open Sans', fontFiles=[], height=0.05, italic=False, languageStyle='LTR', name='text', opacity=1.0, ori=0.0, pos=array([0., 0.]), rgb=UNKNOWN, text=str(...), units='height', win=Window(...), wrapWidth=1)
9.1686 	EXP 	window1: mouseVisible = True
9.1693 	EXP 	Created text_3 = TextStim(__class__=<class 'psychopy.visual.text.TextStim'>, alignHoriz=method-wrapper(...), alignText='center', alignVert=method-wrapper(...), anchorHoriz='center', anchorVert='center', antialias=True, autoDraw=False, autoLog=True, bold=False, color=array([1., 1., 1.]), colorSpace='rgb', contrast=1.0, depth=0.0, draggable=False, flipHoriz=False, flipVert=False, font='Open Sans', fontFiles=[], height=0.05, italic=False, languageStyle='LTR', name='text_3', opacity=1.0, ori=0.0, pos=array([0., 0.]), rgb=UNKNOWN, text='', units='height', win=Window(...), wrapWidth=1)
9.1694 	EXP 	window1: mouseVisible = True
9.1758 	EXP 	Created text_4 = TextStim(__class__=<class 'psychopy.visual.text.TextStim'>, alignHoriz=method-wrapper(...), alignText='center', alignVert=method-wrapper(...), anchorHoriz='center', anchorVert='center', antialias=True, autoDraw=False, autoLog=True, bold=False, color=array([1., 1., 1.]), colorSpace='rgb', contrast=1.0, depth=0.0, draggable=False, flipHoriz=False, flipVert=False, font='Open Sans', fontFiles=[], height=0.05, italic=False, languageStyle='LTR', name='text_4', opacity=1.0, ori=0.0, pos=array([0., 0.]), rgb=UNKNOWN, text=str(...), units='height', win=Window(...), wrapWidth=1)
9.3659 	EXP 	window1: mouseVisible = True
9.3668 	EXP 	Created text_9 = TextStim(__class__=<class 'psychopy.visual.text.TextStim'>, alignHoriz=method-wrapper(...), alignText='center', alignVert=method-wrapper(...), anchorHoriz='center', anchorVert='center', antialias=True, autoDraw=False, autoLog=True, bold=False, color=array([1., 1., 1.]), colorSpace='rgb', contrast=1.0, depth=0.0, draggable=False, flipHoriz=False, flipVert=False, font='Open Sans', fontFiles=[], height=0.05, italic=False, languageStyle='LTR', name='text_9', opacity=1.0, ori=0.0, pos=array([0., 0.]), rgb=UNKNOWN, text='', units='height', win=Window(...), wrapWidth=1)
9.7426 	EXP 	window1: mouseVisible = True
9.7471 	EXP 	Created text = TextStim(__class__=<class 'psychopy.visual.text.TextStim'>, alignHoriz=method-wrapper(...), alignText='center', alignVert=method-wrapper(...), anchorHoriz='center', anchorVert='center', antialias=True, autoDraw=False, autoLog=True, bold=False, color=array([1., 1., 1.]), colorSpace='rgb', contrast=1.0, depth=-1.0, draggable=False, flipHoriz=False, flipVert=False, font='Open Sans', fontFiles=[], height=0.05, italic=False, languageStyle='LTR', name='text', opacity=1.0, ori=0.0, pos=array([0., 0.]), rgb=UNKNOWN, text=str(...), units='height', win=Window(...), wrapWidth=1)
9.7472 	EXP 	window1: mouseVisible = True
9.7480 	EXP 	Created text_10 = TextStim(__class__=<class 'psychopy.visual.text.TextStim'>, alignHoriz=method-wrapper(...), alignText='center', alignVert=method-wrapper(...), anchorHoriz='center', anchorVert='center', antialias=True, autoDraw=False, autoLog=True, bold=False, color=array([1., 1., 1.]), colorSpace='rgb', contrast=1.0, depth=0.0, draggable=False, flipHoriz=False, flipVert=False, font='Open Sans', fontFiles=[], height=0.05, italic=False, languageStyle='LTR', name='text_10', opacity=1.0, ori=0.0, pos=array([0., 0.]), rgb=UNKNOWN, text='', units='height', win=Window(...), wrapWidth=1)
9.7481 	EXP 	window1: mouseVisible = True
9.7544 	EXP 	Created text_4 = TextStim(__class__=<class 'psychopy.visual.text.TextStim'>, alignHoriz=method-wrapper(...), alignText='center', alignVert=method-wrapper(...), anchorHoriz='center', anchorVert='center', antialias=True, autoDraw=False, autoLog=True, bold=False, color=array([1., 1., 1.]), colorSpace='rgb', contrast=1.0, depth=0.0, draggable=False, flipHoriz=False, flipVert=False, font='Open Sans', fontFiles=[], height=0.05, italic=False, languageStyle='LTR', name='text_4', opacity=1.0, ori=0.0, pos=array([0., 0.]), rgb=UNKNOWN, text=str(...), units='height', win=Window(...), wrapWidth=1)
9.9431 	EXP 	window1: mouseVisible = True
9.9440 	EXP 	Created text_11 = TextStim(__class__=<class 'psychopy.visual.text.TextStim'>, alignHoriz=method-wrapper(...), alignText='center', alignVert=method-wrapper(...), anchorHoriz='center', anchorVert='center', antialias=True, autoDraw=False, autoLog=True, bold=False, color=array([1., 1., 1.]), colorSpace='rgb', contrast=1.0, depth=0.0, draggable=False, flipHoriz=False, flipVert=False, font='Open Sans', fontFiles=[], height=0.05, italic=False, languageStyle='LTR', name='text_11', opacity=1.0, ori=0.0, pos=array([0., 0.]), rgb=UNKNOWN, text='', units='height', win=Window(...), wrapWidth=1)
10.3198 	EXP 	window1: mouseVisible = True
10.3243 	EXP 	Created text = TextStim(__class__=<class 'psychopy.visual.text.TextStim'>, alignHoriz=method-wrapper(...), alignText='center', alignVert=method-wrapper(...), anchorHoriz='center', anchorVert='center', antialias=True, autoDraw=False, autoLog=True, bold=False, color=array([1., 1., 1.]), colorSpace='rgb', contrast=1.0, depth=-1.0, draggable=False, flipHoriz=False, flipVert=False, font='Open Sans', fontFiles=[], height=0.05, italic=False, languageStyle='LTR', name='text', opacity=1.0, ori=0.0, pos=array([0., 0.]), rgb=UNKNOWN, text=str(...), units='height', win=Window(...), wrapWidth=1)
10.3244 	EXP 	window1: mouseVisible = True
10.3252 	EXP 	Created text_12 = TextStim(__class__=<class 'psychopy.visual.text.TextStim'>, alignHoriz=method-wrapper(...), alignText='center', alignVert=method-wrapper(...), anchorHoriz='center', anchorVert='center', antialias=True, autoDraw=False, autoLog=True, bold=False, color=array([1., 1., 1.]), colorSpace='rgb', contrast=1.0, depth=0.0, draggable=False, flipHoriz=False, flipVert=False, font='Open Sans', fontFiles=[], height=0.05, italic=False, languageStyle='LTR', name='text_12', opacity=1.0, ori=0.0, pos=array([0., 0.]), rgb=UNKNOWN, text='', units='height', win=Window(...), wrapWidth=1)
10.3252 	EXP 	window1: mouseVisible = True
10.3316 	EXP 	Created text_4 = TextStim(__class__=<class 'psychopy.visual.text.TextStim'>, alignHoriz=method-wrapper(...), alignText='center', alignVert=method-wrapper(...), anchorHoriz='center', anchorVert='center', antialias=True, autoDraw=False, autoLog=True, bold=False, color=array([1., 1., 1.]), colorSpace='rgb', contrast=1.0, depth=0.0, draggable=False, flipHoriz=False, flipVert=False, font='Open Sans', fontFiles=[], height=0.05, italic=False, languageStyle='LTR', name='text_4', opacity=1.0, ori=0.0, pos=array([0., 0.]), rgb=UNKNOWN, text=str(...), units='height', win=Window(...), wrapWidth=1)
10.5227 	EXP 	window1: mouseVisible = True
10.5236 	EXP 	Created text_13 = TextStim(__class__=<class 'psychopy.visual.text.TextStim'>, alignHoriz=method-wrapper(...), alignText='center', alignVert=method-wrapper(...), anchorHoriz='center', anchorVert='center', antialias=True, autoDraw=False, autoLog=True, bold=False, color=array([1., 1., 1.]), colorSpace='rgb', contrast=1.0, depth=0.0, draggable=False, flipHoriz=False, flipVert=False, font='Open Sans', fontFiles=[], height=0.05, italic=False, languageStyle='LTR', name='text_13', opacity=1.0, ori=0.0, pos=array([0., 0.]), rgb=UNKNOWN, text='', units='height', win=Window(...), wrapWidth=1)
10.9000 	EXP 	window1: mouseVisible = True
10.9044 	EXP 	Created text = TextStim(__class__=<class 'psychopy.visual.text.TextStim'>, alignHoriz=method-wrapper(...), alignText='center', alignVert=method-wrapper(...), anchorHoriz='center', anchorVert='center', antialias=True, autoDraw=False, autoLog=True, bold=False, color=array([1., 1., 1.]), colorSpace='rgb', contrast=1.0, depth=-1.0, draggable=False, flipHoriz=False, flipVert=False, font='Open Sans', fontFiles=[], height=0.05, italic=False, languageStyle='LTR', name='text', opacity=1.0, ori=0.0, pos=array([0., 0.]), rgb=UNKNOWN, text=str(...), units='height', win=Window(...), wrapWidth=1)
10.9045 	EXP 	window1: mouseVisible = True
10.9053 	EXP 	Created text_14 = TextStim(__class__=<class 'psychopy.visual.text.TextStim'>, alignHoriz=method-wrapper(...), alignText='center', alignVert=method-wrapper(...), anchorHoriz='center', anchorVert='center', antialias=True, autoDraw=False, autoLog=True, bold=False, color=array([1., 1., 1.]), colorSpace='rgb', contrast=1.0, depth=0.0, draggable=False, flipHoriz=False, flipVert=False, font='Open Sans', fontFiles=[], height=0.05, italic=False, languageStyle='LTR', name='text_14', opacity=1.0, ori=0.0, pos=array([0., 0.]), rgb=UNKNOWN, text='', units='height', win=Window(...), wrapWidth=1)
10.9054 	EXP 	window1: mouseVisible = True
10.9119 	EXP 	Created text_4 = TextStim(__class__=<class 'psychopy.visual.text.TextStim'>, alignHoriz=method-wrapper(...), alignText='center', alignVert=method-wrapper(...), anchorHoriz='center', anchorVert='center', antialias=True, autoDraw=False, autoLog=True, bold=False, color=array([1., 1., 1.]), colorSpace='rgb', contrast=1.0, depth=0.0, draggable=False, flipHoriz=False, flipVert=False, font='Open Sans', fontFiles=[], height=0.05, italic=False, languageStyle='LTR', name='text_4', opacity=1.0, ori=0.0, pos=array([0., 0.]), rgb=UNKNOWN, text=str(...), units='height', win=Window(...), wrapWidth=1)
11.1020 	EXP 	window1: mouseVisible = True
11.1029 	EXP 	Created text_15 = TextStim(__class__=<class 'psychopy.visual.text.TextStim'>, alignHoriz=method-wrapper(...), alignText='center', alignVert=method-wrapper(...), anchorHoriz='center', anchorVert='center', antialias=True, autoDraw=False, autoLog=True, bold=False, color=array([1., 1., 1.]), colorSpace='rgb', contrast=1.0, depth=0.0, draggable=False, flipHoriz=False, flipVert=False, font='Open Sans', fontFiles=[], height=0.05, italic=False, languageStyle='LTR', name='text_15', opacity=1.0, ori=0.0, pos=array([0., 0.]), rgb=UNKNOWN, text='', units='height', win=Window(...), wrapWidth=1)
11.4810 	EXP 	window1: mouseVisible = True
11.4855 	EXP 	Created text = TextStim(__class__=<class 'psychopy.visual.text.TextStim'>, alignHoriz=method-wrapper(...), alignText='center', alignVert=method-wrapper(...), anchorHoriz='center', anchorVert='center', antialias=True, autoDraw=False, autoLog=True, bold=False, color=array([1., 1., 1.]), colorSpace='rgb', contrast=1.0, depth=-1.0, draggable=False, flipHoriz=False, flipVert=False, font='Open Sans', fontFiles=[], height=0.05, italic=False, languageStyle='LTR', name='text', opacity=1.0, ori=0.0, pos=array([0., 0.]), rgb=UNKNOWN, text=str(...), units='height', win=Window(...), wrapWidth=1)
11.4856 	EXP 	window1: mouseVisible = True
11.4864 	EXP 	Created text_16 = TextStim(__class__=<class 'psychopy.visual.text.TextStim'>, alignHoriz=method-wrapper(...), alignText='center', alignVert=method-wrapper(...), anchorHoriz='center', anchorVert='center', antialias=True, autoDraw=False, autoLog=True, bold=False, color=array([1., 1., 1.]), colorSpace='rgb', contrast=1.0, depth=0.0, draggable=False, flipHoriz=False, flipVert=False, font='Open Sans', fontFiles=[], height=0.05, italic=False, languageStyle='LTR', name='text_16', opacity=1.0, ori=0.0, pos=array([0., 0.]), rgb=UNKNOWN, text='', units='height', win=Window(...), wrapWidth=1)
11.4864 	EXP 	window1: mouseVisible = True
11.4927 	EXP 	Created text_4 = TextStim(__class__=<class 'psychopy.visual.text.TextStim'>, alignHoriz=method-wrapper(...), alignText='center', alignVert=method-wrapper(...), anchorHoriz='center', anchorVert='center', antialias=True, autoDraw=False, autoLog=True, bold=False, color=array([1., 1., 1.]), colorSpace='rgb', contrast=1.0, depth=0.0, draggable=False, flipHoriz=False, flipVert=False, font='Open Sans', fontFiles=[], height=0.05, italic=False, languageStyle='LTR', name='text_4', opacity=1.0, ori=0.0, pos=array([0., 0.]), rgb=UNKNOWN, text=str(...), units='height', win=Window(...), wrapWidth=1)
11.6810 	EXP 	window1: mouseVisible = True
11.6820 	EXP 	Created text_17 = TextStim(__class__=<class 'psychopy.visual.text.TextStim'>, alignHoriz=method-wrapper(...), alignText='center', alignVert=method-wrapper(...), anchorHoriz='center', anchorVert='center', antialias=True, autoDraw=False, autoLog=True, bold=False, color=array([1., 1., 1.]), colorSpace='rgb', contrast=1.0, depth=0.0, draggable=False, flipHoriz=False, flipVert=False, font='Open Sans', fontFiles=[], height=0.05, italic=False, languageStyle='LTR', name='text_17', opacity=1.0, ori=0.0, pos=array([0., 0.]), rgb=UNKNOWN, text='', units='height', win=Window(...), wrapWidth=1)
12.0594 	EXP 	window1: mouseVisible = True
12.0639 	EXP 	Created text = TextStim(__class__=<class 'psychopy.visual.text.TextStim'>, alignHoriz=method-wrapper(...), alignText='center', alignVert=method-wrapper(...), anchorHoriz='center', anchorVert='center', antialias=True, autoDraw=False, autoLog=True, bold=False, color=array([1., 1., 1.]), colorSpace='rgb', contrast=1.0, depth=-1.0, draggable=False, flipHoriz=False, flipVert=False, font='Open Sans', fontFiles=[], height=0.05, italic=False, languageStyle='LTR', name='text', opacity=1.0, ori=0.0, pos=array([0., 0.]), rgb=UNKNOWN, text=str(...), units='height', win=Window(...), wrapWidth=1)
12.0640 	EXP 	window1: mouseVisible = True
12.0648 	EXP 	Created text_18 = TextStim(__class__=<class 'psychopy.visual.text.TextStim'>, alignHoriz=method-wrapper(...), alignText='center', alignVert=method-wrapper(...), anchorHoriz='center', anchorVert='center', antialias=True, autoDraw=False, autoLog=True, bold=False, color=array([1., 1., 1.]), colorSpace='rgb', contrast=1.0, depth=0.0, draggable=False, flipHoriz=False, flipVert=False, font='Open Sans', fontFiles=[], height=0.05, italic=False, languageStyle='LTR', name='text_18', opacity=1.0, ori=0.0, pos=array([0., 0.]), rgb=UNKNOWN, text='', units='height', win=Window(...), wrapWidth=1)
12.0648 	EXP 	window1: mouseVisible = True
12.0711 	EXP 	Created text_4 = TextStim(__class__=<class 'psychopy.visual.text.TextStim'>, alignHoriz=method-wrapper(...), alignText='center', alignVert=method-wrapper(...), anchorHoriz='center', anchorVert='center', antialias=True, autoDraw=False, autoLog=True, bold=False, color=array([1., 1., 1.]), colorSpace='rgb', contrast=1.0, depth=0.0, draggable=False, flipHoriz=False, flipVert=False, font='Open Sans', fontFiles=[], height=0.05, italic=False, languageStyle='LTR', name='text_4', opacity=1.0, ori=0.0, pos=array([0., 0.]), rgb=UNKNOWN, text=str(...), units='height', win=Window(...), wrapWidth=1)
12.2617 	EXP 	window1: mouseVisible = True
12.2627 	EXP 	Created text_19 = TextStim(__class__=<class 'psychopy.visual.text.TextStim'>, alignHoriz=method-wrapper(...), alignText='center', alignVert=method-wrapper(...), anchorHoriz='center', anchorVert='center', antialias=True, autoDraw=False, autoLog=True, bold=False, color=array([1., 1., 1.]), colorSpace='rgb', contrast=1.0, depth=0.0, draggable=False, flipHoriz=False, flipVert=False, font='Open Sans', fontFiles=[], height=0.05, italic=False, languageStyle='LTR', name='text_19', opacity=1.0, ori=0.0, pos=array([0., 0.]), rgb=UNKNOWN, text='', units='height', win=Window(...), wrapWidth=1)
0.0120 	EXP 	text: autoDraw = True
1.0166 	EXP 	Imported train.csv as conditions, 4 conditions, 4 params
1.0177 	EXP 	Created sequence: random, trialTypes=4, nReps=1, seed=None
1.0180 	EXP 	New trial (rep=0, index=0): OrderedDict([('Even', 12), ('Ten', 60), ('Odd', 39), ('Negative', -845)])
1.0416 	DATA 	Keypress: space
1.0453 	WARNING 	t of last frame was 40.44ms (=1/24)
1.0453 	EXP 	text: autoDraw = False
1.0453 	EXP 	text_2: height = 0.05
1.0453 	EXP 	text_2: height = 0.05
1.0453 	EXP 	text_2: height = 0.05
1.0453 	EXP 	text_2: text = 12
1.0453 	EXP 	text_2: autoDraw = True
3.0062 	EXP 	New trial (rep=0, index=1): OrderedDict([('Even', 136), ('Ten', 220), ('Odd', 55), ('Negative', -59)])
3.0184 	EXP 	text_2: autoDraw = False
3.0184 	EXP 	text_2: height = 0.05
3.0184 	EXP 	text_2: height = 0.05
3.0184 	EXP 	text_2: height = 0.05
3.0184 	EXP 	text_2: text = 136
3.0184 	EXP 	text_2: autoDraw = True
3.4869 	WARNING 	t of last frame was 20.28ms (=1/49)
3.5365 	WARNING 	t of last frame was 20.40ms (=1/49)
5.0026 	EXP 	New trial (rep=0, index=2): OrderedDict([('Even', 2), ('Ten', 40), ('Odd', 95), ('Negative', -30)])
5.0147 	EXP 	text_2: autoDraw = False
5.0147 	EXP 	text_2: autoDraw = False
5.0147 	EXP 	text_2: height = 0.05
5.0147 	EXP 	text_2: height = 0.05
5.0147 	EXP 	text_2: height = 0.05
5.0147 	EXP 	text_2: text = 2
5.0147 	EXP 	text_2: autoDraw = True
6.5867 	WARNING 	t of last frame was 20.05ms (=1/49)
7.0015 	EXP 	New trial (rep=0, index=3): OrderedDict([('Even', 32), ('Ten', 20), ('Odd', 7), ('Negative', -44)])
7.0186 	EXP 	text_2: autoDraw = False
7.0186 	EXP 	text_2: autoDraw = False
7.0186 	EXP 	text_2: height = 0.05
7.0186 	EXP 	text_2: height = 0.05
7.0186 	EXP 	text_2: height = 0.05
7.0186 	EXP 	text_2: text = 32
7.0186 	EXP 	text_2: autoDraw = True
8.9704 	WARNING 	Multiple dropped frames have occurred - I'll stop bothering you about them!
9.0175 	EXP 	text_2: autoDraw = False
9.0175 	EXP 	text_2: autoDraw = False
9.0175 	EXP 	text_4: autoDraw = True
13.0073 	EXP 	Imported test.csv as conditions, 6 conditions, 5 params
13.0081 	EXP 	Created sequence: random, trialTypes=6, nReps=1, seed=None
13.0084 	EXP 	New trial (rep=0, index=0): OrderedDict([('Correct', 0), ('Even', '313, 9, 33'), ('Ten', '21, 204, 155'), ('Odd', '2, 142, 48'), ('Negative', '264, 198, 211')])
13.0306 	DATA 	Keypress: space
13.0335 	EXP 	text_4: autoDraw = False
13.0335 	EXP 	text_5: height = 0.05
13.0335 	EXP 	text_5: height = 0.05
13.0335 	EXP 	text_5: height = 0.05
13.0335 	EXP 	text_5: text = '313, 9, 33'
13.0335 	EXP 	text_5: autoDraw = True
14.7026 	EXP 	New trial (rep=0, index=1): OrderedDict([('Correct', 1), ('Even', '10, 70, 56'), ('Ten', '20, 200, 160'), ('Odd', '97, 93, 3'), ('Negative', '-174, -9, -92')])
14.7285 	DATA 	Keypress: left
14.7313 	EXP 	text_5: autoDraw = False
14.7313 	EXP 	text_5: height = 0.05
14.7313 	EXP 	text_5: height = 0.05
14.7313 	EXP 	text_5: height = 0.05
14.7313 	EXP 	text_5: text = '10, 70, 56'
14.7313 	EXP 	text_5: autoDraw = True
15.0674 	EXP 	New trial (rep=0, index=2): OrderedDict([('Correct', 0), ('Even', '91, 299, 31'), ('Ten', '282, 401, 66'), ('Odd', '134, 72, 188'), ('Negative', '136, 169, 0')])
15.0712 	DATA 	Keypress: right
15.0808 	EXP 	text_5: autoDraw = False
15.0808 	EXP 	text_5: height = 0.05
15.0808 	EXP 	text_5: height = 0.05
15.0808 	EXP 	text_5: height = 0.05
15.0808 	EXP 	text_5: text = '91, 299, 31'
15.0808 	EXP 	text_5: autoDraw = True
15.4031 	EXP 	New trial (rep=0, index=3): OrderedDict([('Correct', 1), ('Even', '112, 216, 128'), ('Ten', '800, 900, 550'), ('Odd', '253, 173, 257'), ('Negative', '-65, -51, -27')])
15.4127 	DATA 	Keypress: left
15.4170 	EXP 	text_5: autoDraw = False
15.4170 	EXP 	text_5: height = 0.05
15.4170 	EXP 	text_5: height = 0.05
15.4170 	EXP 	text_5: height = 0.05
15.4170 	EXP 	text_5: text = '112, 216, 128'
15.4170 	EXP 	text_5: autoDraw = True
15.7023 	EXP 	New trial (rep=0, index=4): OrderedDict([('Correct', 0), ('Even', '41, 187, 53'), ('Ten', '272,295,67'), ('Odd', '6, 168, 34'), ('Negative', '64, 21, 165')])
15.7104 	DATA 	Keypress: left
15.7139 	EXP 	text_5: autoDraw = False
15.7139 	EXP 	text_5: height = 0.05
15.7139 	EXP 	text_5: height = 0.05
15.7139 	EXP 	text_5: height = 0.05
15.7139 	EXP 	text_5: text = '41, 187, 53'
15.7139 	EXP 	text_5: autoDraw = True
15.9822 	EXP 	New trial (rep=0, index=5): OrderedDict([('Correct', 1), ('Even', '122, 40, 18'), ('Ten', '270, 290, 60'), ('Odd', '465, 323, 97'), ('Negative', '-84, -100, -244')])
15.9884 	EXP 	text_5: autoDraw = False
15.9884 	EXP 	text_5: height = 0.05
15.9884 	EXP 	text_5: height = 0.05
15.9884 	EXP 	text_5: height = 0.05
15.9884 	EXP 	text_5: text = '122, 40, 18'
15.9884 	EXP 	text_5: autoDraw = True
15.9903 	DATA 	Keypress: left
16.3022 	EXP 	text_5: autoDraw = False
16.3022 	EXP 	text: autoDraw = True
16.3046 	DATA 	Keypress: left
17.3745 	EXP 	Imported train.csv as conditions, 4 conditions, 4 params
17.3752 	EXP 	Created sequence: random, trialTypes=4, nReps=1, seed=None
17.3755 	EXP 	New trial (rep=0, index=0): OrderedDict([('Even', 12), ('Ten', 60), ('Odd', 39), ('Negative', -845)])
17.3832 	DATA 	Keypress: space
17.3857 	EXP 	text: autoDraw = False
17.3857 	EXP 	text_7: height = 0.05
17.3857 	EXP 	text_7: height = 0.05
17.3857 	EXP 	text_7: height = 0.05
17.3857 	EXP 	text_7: text = 60
17.3857 	EXP 	text_7: autoDraw = True
19.3684 	EXP 	New trial (rep=0, index=1): OrderedDict([('Even', 32), ('Ten', 20), ('Odd', 7), ('Negative', -44)])
19.3812 	EXP 	text_7: autoDraw = False
19.3812 	EXP 	text_7: autoDraw = False
19.3812 	EXP 	text_7: height = 0.05
19.3812 	EXP 	text_7: height = 0.05
19.3812 	EXP 	text_7: height = 0.05
19.3812 	EXP 	text_7: text = 20
19.3812 	EXP 	text_7: autoDraw = True
21.3673 	EXP 	New trial (rep=0, index=2): OrderedDict([('Even', 136), ('Ten', 220), ('Odd', 55), ('Negative', -59)])
21.3814 	EXP 	text_7: autoDraw = False
21.3814 	EXP 	text_7: autoDraw = False
21.3814 	EXP 	text_7: height = 0.05
21.3814 	EXP 	text_7: height = 0.05
21.3814 	EXP 	text_7: height = 0.05
21.3814 	EXP 	text_7: text = 220
21.3814 	EXP 	text_7: autoDraw = True
23.3672 	EXP 	New trial (rep=0, index=3): OrderedDict([('Even', 2), ('Ten', 40), ('Odd', 95), ('Negative', -30)])
23.3815 	EXP 	text_7: autoDraw = False
23.3815 	EXP 	text_7: autoDraw = False
23.3815 	EXP 	text_7: height = 0.05
23.3815 	EXP 	text_7: height = 0.05
23.3815 	EXP 	text_7: height = 0.05
23.3815 	EXP 	text_7: text = 40
23.3815 	EXP 	text_7: autoDraw = True
25.3686 	EXP 	text_7: autoDraw = False
25.3686 	EXP 	text_7: autoDraw = False
25.3686 	EXP 	text_4: autoDraw = True
26.3234 	EXP 	Imported test.csv as conditions, 6 conditions, 5 params
26.3241 	EXP 	Created sequence: random, trialTypes=6, nReps=1, seed=None
26.3244 	EXP 	New trial (rep=0, index=0): OrderedDict([('Correct', 1), ('Even', '122, 40, 18'), ('Ten', '270, 290, 60'), ('Odd', '465, 323, 97'), ('Negative', '-84, -100, -244')])
26.3326 	DATA 	Keypress: space
26.3356 	EXP 	text_4: autoDraw = False
26.3356 	EXP 	text_8: height = 0.05
26.3356 	EXP 	text_8: height = 0.05
26.3356 	EXP 	text_8: height = 0.05
26.3356 	EXP 	text_8: text = '270, 290, 60'
26.3356 	EXP 	text_8: autoDraw = True
26.9984 	EXP 	New trial (rep=0, index=1): OrderedDict([('Correct', 1), ('Even', '112, 216, 128'), ('Ten', '800, 900, 550'), ('Odd', '253, 173, 257'), ('Negative', '-65, -51, -27')])
27.0036 	EXP 	text_8: autoDraw = False
27.0036 	EXP 	text_8: height = 0.05
27.0036 	EXP 	text_8: height = 0.05
27.0036 	EXP 	text_8: height = 0.05
27.0036 	EXP 	text_8: text = '800, 900, 550'
27.0036 	EXP 	text_8: autoDraw = True
27.0053 	DATA 	Keypress: right
27.2816 	EXP 	New trial (rep=0, index=2): OrderedDict([('Correct', 0), ('Even', '41, 187, 53'), ('Ten', '272,295,67'), ('Odd', '6, 168, 34'), ('Negative', '64, 21, 165')])
27.2864 	DATA 	Keypress: left
27.2886 	EXP 	text_8: autoDraw = False
27.2886 	EXP 	text_8: height = 0.05
27.2886 	EXP 	text_8: height = 0.05
27.2886 	EXP 	text_8: height = 0.05
27.2886 	EXP 	text_8: text = '272,295,67'
27.2886 	EXP 	text_8: autoDraw = True
27.5152 	EXP 	New trial (rep=0, index=3): OrderedDict([('Correct', 0), ('Even', '313, 9, 33'), ('Ten', '21, 204, 155'), ('Odd', '2, 142, 48'), ('Negative', '264, 198, 211')])
27.5201 	DATA 	Keypress: right
27.5225 	EXP 	text_8: autoDraw = False
27.5225 	EXP 	text_8: height = 0.05
27.5225 	EXP 	text_8: height = 0.05
27.5225 	EXP 	text_8: height = 0.05
27.5225 	EXP 	text_8: text = '21, 204, 155'
27.5225 	EXP 	text_8: autoDraw = True
28.1706 	EXP 	New trial (rep=0, index=4): OrderedDict([('Correct', 0), ('Even', '91, 299, 31'), ('Ten', '282, 401, 66'), ('Odd', '134, 72, 188'), ('Negative', '136, 169, 0')])
28.1750 	DATA 	Keypress: left
28.1810 	EXP 	text_8: autoDraw = False
28.1810 	EXP 	text_8: height = 0.05
28.1810 	EXP 	text_8: height = 0.05
28.1810 	EXP 	text_8: height = 0.05
28.1810 	EXP 	text_8: text = '282, 401, 66'
28.1810 	EXP 	text_8: autoDraw = True
28.4677 	EXP 	New trial (rep=0, index=5): OrderedDict([('Correct', 1), ('Even', '10, 70, 56'), ('Ten', '20, 200, 160'), ('Odd', '97, 93, 3'), ('Negative', '-174, -9, -92')])
28.4747 	DATA 	Keypress: left
28.4814 	EXP 	text_8: autoDraw = False
28.4814 	EXP 	text_8: height = 0.05
28.4814 	EXP 	text_8: height = 0.05
28.4814 	EXP 	text_8: height = 0.05
28.4814 	EXP 	text_8: text = '20, 200, 160'
28.4814 	EXP 	text_8: autoDraw = True
28.7556 	DATA 	Keypress: left
28.7650 	EXP 	text_8: autoDraw = False
28.7650 	EXP 	text: autoDraw = True
29.6013 	EXP 	Imported train.csv as conditions, 4 conditions, 4 params
29.6018 	EXP 	Created sequence: random, trialTypes=4, nReps=1, seed=None
29.6020 	EXP 	New trial (rep=0, index=0): OrderedDict([('Even', 136), ('Ten', 220), ('Odd', 55), ('Negative', -59)])
29.6075 	DATA 	Keypress: space
29.6105 	EXP 	text: autoDraw = False
29.6105 	EXP 	text_3: height = 0.05
29.6105 	EXP 	text_3: height = 0.05
29.6105 	EXP 	text_3: height = 0.05
29.6105 	EXP 	text_3: text = 55
29.6105 	EXP 	text_3: autoDraw = True
31.5986 	EXP 	New trial (rep=0, index=1): OrderedDict([('Even', 12), ('Ten', 60), ('Odd', 39), ('Negative', -845)])
31.6053 	EXP 	text_3: autoDraw = False
31.6053 	EXP 	text_3: autoDraw = False
31.6053 	EXP 	text_3: height = 0.05
31.6053 	EXP 	text_3: height = 0.05
31.6053 	EXP 	text_3: height = 0.05
31.6053 	EXP 	text_3: text = 39
31.6053 	EXP 	text_3: autoDraw = True
33.5986 	EXP 	New trial (rep=0, index=2): OrderedDict([('Even', 2), ('Ten', 40), ('Odd', 95), ('Negative', -30)])
33.6055 	EXP 	text_3: autoDraw = False
33.6055 	EXP 	text_3: height = 0.05
33.6055 	EXP 	text_3: height = 0.05
33.6055 	EXP 	text_3: height = 0.05
33.6055 	EXP 	text_3: text = 95
33.6055 	EXP 	text_3: autoDraw = True
35.6026 	EXP 	New trial (rep=0, index=3): OrderedDict([('Even', 32), ('Ten', 20), ('Odd', 7), ('Negative', -44)])
35.6147 	EXP 	text_3: autoDraw = False
35.6147 	EXP 	text_3: height = 0.05
35.6147 	EXP 	text_3: height = 0.05
35.6147 	EXP 	text_3: height = 0.05
35.6147 	EXP 	text_3: text = 7
35.6147 	EXP 	text_3: autoDraw = True
37.6147 	EXP 	text_3: autoDraw = False
37.6147 	EXP 	text_4: autoDraw = True
38.7061 	EXP 	Imported test.csv as conditions, 6 conditions, 5 params
38.7219 	EXP 	window1: mouseVisible = True
