6.4577 	WARNING 	Couldn't measure a consistent frame rate!
  - Is your graphics card set to sync to vertical blank?
  - Are you running other processes on your computer?

6.4582 	EXP 	Created window1 = Window(allowGUI=True, allowStencil=False, autoLog=True, backendConf=UNKNOWN, backgroundFit=<method-wrapper '__getattribute__' of attributeSetter object at 0x7ff42905ea90>, backgroundImage=<method-wrapper '__getattribute__' of attributeSetter object at 0x7ff42905ea30>, bitsMode=UNKNOWN, blendMode='avg', bpc=(8, 8, 8), color=array([0, 0, 0]), colorSpace='rgb', depthBits=8, fullscr=<method-wrapper '__getattribute__' of attributeSetter object at 0x7ff42905e880>, gamma=None, gammaErrorPolicy='raise', lms=UNKNOWN, monitor=<psychopy.monitors.calibTools.Monitor object at 0x7ff429198610>, multiSample=False, name='window1', numSamples=2, pos=(506, 320), screen=0, size=array([2000, 1364]), stencilBits=0, stereo=False, title='PsychoPy', units='height', useFBO=True, useRetina=True, viewOri=0.0, viewPos=None, viewScale=None, waitBlanking=True, winType='pyglet')
6.4583 	EXP 	window1: mouseVisible = True
6.4583 	EXP 	window1: backgroundImage = ''
6.4583 	EXP 	window1: backgroundFit = 'none'
6.4606 	EXP 	window1: Attempting to measure frame rate of screen (0) ...
6.4606 	EXP 	window1: recordFrameIntervals = False
6.5407 	EXP 	window1: recordFrameIntervals = True
7.3744 	WARNING 	Couldn't measure a consistent frame rate!
  - Is your graphics card set to sync to vertical blank?
  - Are you running other processes on your computer?

7.3746 	EXP 	window1: mouseVisible = True
7.7871 	EXP 	main: status = STARTED
7.8336 	EXP 	window1: mouseVisible = True
7.8685 	EXP 	Created text = TextStim(__class__=<class 'psychopy.visual.text.TextStim'>, alignHoriz=method-wrapper(...), alignText='center', alignVert=method-wrapper(...), anchorHoriz='center', anchorVert='center', antialias=True, autoDraw=False, autoLog=True, bold=False, color=array([1., 1., 1.]), colorSpace='rgb', contrast=1.0, depth=-1.0, draggable=False, flipHoriz=False, flipVert=False, font='Open Sans', fontFiles=[], height=0.05, italic=False, languageStyle='LTR', name='text', opacity=1.0, ori=0.0, pos=array([0., 0.]), rgb=UNKNOWN, text=str(...), units='height', win=Window(...), wrapWidth=1)
0.0044 	EXP 	text: autoDraw = True
0.0044 	EXP 	text: autoDraw = False
2.2774 	WARNING 	t of last frame was 20.20ms (=1/49)
3.7057 	EXP 	text: autoDraw = False
3.7057 	EXP 	main: status = STOPPED
3.7216 	DATA 	Keypress: space
3.7319 	EXP 	window1: mouseVisible = True
